{
  "numFailedTestSuites": 0,
  "numFailedTests": 0,
  "numPassedTestSuites": 2,
  "numPassedTests": 3,
  "numPendingTestSuites": 0,
  "numPendingTests": 0,
  "numRuntimeErrorTestSuites": 0,
  "numTodoTests": 0,
  "numTotalTestSuites": 2,
  "numTotalTests": 3,
  "openHandles": [],
  "snapshot": {
    "added": 0,
    "didUpdate": false,
    "failure": false,
    "filesAdded": 0,
    "filesRemoved": 0,
    "filesRemovedList": [],
    "filesUnmatched": 0,
    "filesUpdated": 0,
    "matched": 0,
    "total": 0,
    "unchecked": 0,
    "uncheckedKeysByFile": [],
    "unmatched": 0,
    "updated": 0
  },
  "startTime": 1626474250074,
  "success": false,
  "testResults": [
    {
      "leaks": false,
      "numFailingTests": 0,
      "numPassingTests": 1,
      "numPendingTests": 0,
      "numTodoTests": 0,
      "openHandles": [],
      "perfStats": {
        "end": 1626474252641,
        "runtime": 1827,
        "slow": false,
        "start": 1626474250814
      },
      "skipped": false,
      "snapshot": {
        "added": 0,
        "fileDeleted": false,
        "matched": 0,
        "unchecked": 0,
        "uncheckedKeys": [],
        "unmatched": 0,
        "updated": 0
      },
      "testFilePath": "/root/stratum-zero/FRS/client/src/components/Register.test.js",
      "testResults": [
        {
          "ancestorTitles": [
            "Register Component"
          ],
          "duration": 39,
          "failureDetails": [],
          "failureMessages": [],
          "fullName": "Register Component changes state on typing in field with corresponding label name",
          "invocations": 1,
          "location": null,
          "numPassingAsserts": 0,
          "status": "passed",
          "title": "changes state on typing in field with corresponding label name"
        }
      ],
      "failureMessage": null
    },
    {
      "leaks": false,
      "numFailingTests": 0,
      "numPassingTests": 2,
      "numPendingTests": 0,
      "numTodoTests": 0,
      "openHandles": [],
      "perfStats": {
        "end": 1626474252885,
        "runtime": 2070,
        "slow": false,
        "start": 1626474250815
      },
      "skipped": false,
      "snapshot": {
        "added": 0,
        "fileDeleted": false,
        "matched": 0,
        "unchecked": 0,
        "uncheckedKeys": [],
        "unmatched": 0,
        "updated": 0
      },
      "testFilePath": "/root/stratum-zero/FRS/client/src/components/ActivationPage.test.js",
      "testResults": [
        {
          "ancestorTitles": [
            "ActivationPage Component"
          ],
          "duration": 135,
          "failureDetails": [],
          "failureMessages": [],
          "fullName": "ActivationPage Component renders the ActivationPage component with activation button",
          "invocations": 1,
          "location": null,
          "numPassingAsserts": 0,
          "status": "passed",
          "title": "renders the ActivationPage component with activation button"
        },
        {
          "ancestorTitles": [
            "ActivationPage Component"
          ],
          "duration": 170,
          "failureDetails": [],
          "failureMessages": [],
          "fullName": "ActivationPage Component Displays activation message on clicking the activation button",
          "invocations": 1,
          "location": null,
          "numPassingAsserts": 0,
          "status": "passed",
          "title": "Displays activation message on clicking the activation button"
        }
      ],
      "failureMessage": null
    }
  ],
  "wasInterrupted": false
}